2026-05-16 21:45:33.8979|||11|Microsoft.Extensions.Hosting.Internal.Host|ERROR|Hosting failed to start System.IO.IOException: Failed to bind to address http://127.0.0.1:5000: address already in use.
 ---> Microsoft.AspNetCore.Connections.AddressInUseException: Only one usage of each socket address (protocol/network address/port) is normally permitted.
 ---> System.Net.Sockets.SocketException (10048): Only one usage of each socket address (protocol/network address/port) is normally permitted.
   at System.Net.Sockets.Socket.UpdateStatusAfterSocketErrorAndThrowException(SocketError error, Boolean disconnectOnFailure, String callerName)
   at System.Net.Sockets.Socket.DoBind(EndPoint endPointSnapshot, SocketAddress socketAddress)
   at System.Net.Sockets.Socket.Bind(EndPoint localEP)
   at Microsoft.AspNetCore.Server.Kestrel.Transport.Sockets.SocketTransportOptions.CreateDefaultBoundListenSocket(EndPoint endpoint)
   at Microsoft.AspNetCore.Server.Kestrel.Transport.Sockets.SocketConnectionListener.Bind()
   --- End of inner exception stack trace ---
   at Microsoft.AspNetCore.Server.Kestrel.Transport.Sockets.SocketConnectionListener.Bind()
   at Microsoft.AspNetCore.Server.Kestrel.Transport.Sockets.SocketTransportFactory.BindAsync(EndPoint endpoint, CancellationToken cancellationToken)
   at Microsoft.AspNetCore.Server.Kestrel.Core.Internal.Infrastructure.TransportManager.BindAsync(EndPoint endPoint, ConnectionDelegate connectionDelegate, EndpointConfig endpointConfig, CancellationToken cancellationToken)
   at Microsoft.AspNetCore.Server.Kestrel.Core.KestrelServerImpl.<>c__DisplayClass28_0`1.<<StartAsync>g__OnBind|0>d.MoveNext()
--- End of stack trace from previous location ---
   at Microsoft.AspNetCore.Server.Kestrel.Core.Internal.AddressBinder.BindEndpointAsync(ListenOptions endpoint, AddressBindContext context, CancellationToken cancellationToken)
   --- End of inner exception stack trace ---
   at Microsoft.AspNetCore.Server.Kestrel.Core.Internal.AddressBinder.BindEndpointAsync(ListenOptions endpoint, AddressBindContext context, CancellationToken cancellationToken)
   at Microsoft.AspNetCore.Server.Kestrel.Core.LocalhostListenOptions.BindAsync(AddressBindContext context, CancellationToken cancellationToken)
   at Microsoft.AspNetCore.Server.Kestrel.Core.Internal.AddressBinder.AddressesStrategy.BindAsync(AddressBindContext context, CancellationToken cancellationToken)
   at Microsoft.AspNetCore.Server.Kestrel.Core.Internal.AddressBinder.BindAsync(ListenOptions[] listenOptions, AddressBindContext context, Func`2 useHttps, CancellationToken cancellationToken)
   at Microsoft.AspNetCore.Server.Kestrel.Core.KestrelServerImpl.BindAsync(CancellationToken cancellationToken)
   at Microsoft.AspNetCore.Server.Kestrel.Core.KestrelServerImpl.StartAsync[TContext](IHttpApplication`1 application, CancellationToken cancellationToken)
   at Microsoft.AspNetCore.Hosting.GenericWebHostService.StartAsync(CancellationToken cancellationToken)
   at Microsoft.Extensions.Hosting.Internal.Host.<StartAsync>b__15_1(IHostedService service, CancellationToken token)
   at Microsoft.Extensions.Hosting.Internal.Host.ForeachService[T](IEnumerable`1 services, CancellationToken token, Boolean concurrent, Boolean abortOnFirstException, List`1 exceptions, Func`3 operation)    at Microsoft.AspNetCore.Server.Kestrel.Core.Internal.AddressBinder.BindEndpointAsync(ListenOptions endpoint, AddressBindContext context, CancellationToken cancellationToken)
   at Microsoft.AspNetCore.Server.Kestrel.Core.LocalhostListenOptions.BindAsync(AddressBindContext context, CancellationToken cancellationToken)
   at Microsoft.AspNetCore.Server.Kestrel.Core.Internal.AddressBinder.AddressesStrategy.BindAsync(AddressBindContext context, CancellationToken cancellationToken)
   at Microsoft.AspNetCore.Server.Kestrel.Core.Internal.AddressBinder.BindAsync(ListenOptions[] listenOptions, AddressBindContext context, Func`2 useHttps, CancellationToken cancellationToken)
   at Microsoft.AspNetCore.Server.Kestrel.Core.KestrelServerImpl.BindAsync(CancellationToken cancellationToken)
   at Microsoft.AspNetCore.Server.Kestrel.Core.KestrelServerImpl.StartAsync[TContext](IHttpApplication`1 application, CancellationToken cancellationToken)
   at Microsoft.AspNetCore.Hosting.GenericWebHostService.StartAsync(CancellationToken cancellationToken)
   at Microsoft.Extensions.Hosting.Internal.Host.<StartAsync>b__15_1(IHostedService service, CancellationToken token)
   at Microsoft.Extensions.Hosting.Internal.Host.ForeachService[T](IEnumerable`1 services, CancellationToken token, Boolean concurrent, Boolean abortOnFirstException, List`1 exceptions, Func`3 operation)
2026-05-16 21:48:47.8055|||11|Microsoft.Extensions.Hosting.Internal.Host|ERROR|Hosting failed to start System.IO.IOException: Failed to bind to address http://127.0.0.1:5000: address already in use.
 ---> Microsoft.AspNetCore.Connections.AddressInUseException: Only one usage of each socket address (protocol/network address/port) is normally permitted.
 ---> System.Net.Sockets.SocketException (10048): Only one usage of each socket address (protocol/network address/port) is normally permitted.
   at System.Net.Sockets.Socket.UpdateStatusAfterSocketErrorAndThrowException(SocketError error, Boolean disconnectOnFailure, String callerName)
   at System.Net.Sockets.Socket.DoBind(EndPoint endPointSnapshot, SocketAddress socketAddress)
   at System.Net.Sockets.Socket.Bind(EndPoint localEP)
   at Microsoft.AspNetCore.Server.Kestrel.Transport.Sockets.SocketTransportOptions.CreateDefaultBoundListenSocket(EndPoint endpoint)
   at Microsoft.AspNetCore.Server.Kestrel.Transport.Sockets.SocketConnectionListener.Bind()
   --- End of inner exception stack trace ---
   at Microsoft.AspNetCore.Server.Kestrel.Transport.Sockets.SocketConnectionListener.Bind()
   at Microsoft.AspNetCore.Server.Kestrel.Transport.Sockets.SocketTransportFactory.BindAsync(EndPoint endpoint, CancellationToken cancellationToken)
   at Microsoft.AspNetCore.Server.Kestrel.Core.Internal.Infrastructure.TransportManager.BindAsync(EndPoint endPoint, ConnectionDelegate connectionDelegate, EndpointConfig endpointConfig, CancellationToken cancellationToken)
   at Microsoft.AspNetCore.Server.Kestrel.Core.KestrelServerImpl.<>c__DisplayClass28_0`1.<<StartAsync>g__OnBind|0>d.MoveNext()
--- End of stack trace from previous location ---
   at Microsoft.AspNetCore.Server.Kestrel.Core.Internal.AddressBinder.BindEndpointAsync(ListenOptions endpoint, AddressBindContext context, CancellationToken cancellationToken)
   --- End of inner exception stack trace ---
   at Microsoft.AspNetCore.Server.Kestrel.Core.Internal.AddressBinder.BindEndpointAsync(ListenOptions endpoint, AddressBindContext context, CancellationToken cancellationToken)
   at Microsoft.AspNetCore.Server.Kestrel.Core.LocalhostListenOptions.BindAsync(AddressBindContext context, CancellationToken cancellationToken)
   at Microsoft.AspNetCore.Server.Kestrel.Core.Internal.AddressBinder.AddressesStrategy.BindAsync(AddressBindContext context, CancellationToken cancellationToken)
   at Microsoft.AspNetCore.Server.Kestrel.Core.Internal.AddressBinder.BindAsync(ListenOptions[] listenOptions, AddressBindContext context, Func`2 useHttps, CancellationToken cancellationToken)
   at Microsoft.AspNetCore.Server.Kestrel.Core.KestrelServerImpl.BindAsync(CancellationToken cancellationToken)
   at Microsoft.AspNetCore.Server.Kestrel.Core.KestrelServerImpl.StartAsync[TContext](IHttpApplication`1 application, CancellationToken cancellationToken)
   at Microsoft.AspNetCore.Hosting.GenericWebHostService.StartAsync(CancellationToken cancellationToken)
   at Microsoft.Extensions.Hosting.Internal.Host.<StartAsync>b__15_1(IHostedService service, CancellationToken token)
   at Microsoft.Extensions.Hosting.Internal.Host.ForeachService[T](IEnumerable`1 services, CancellationToken token, Boolean concurrent, Boolean abortOnFirstException, List`1 exceptions, Func`3 operation)    at Microsoft.AspNetCore.Server.Kestrel.Core.Internal.AddressBinder.BindEndpointAsync(ListenOptions endpoint, AddressBindContext context, CancellationToken cancellationToken)
   at Microsoft.AspNetCore.Server.Kestrel.Core.LocalhostListenOptions.BindAsync(AddressBindContext context, CancellationToken cancellationToken)
   at Microsoft.AspNetCore.Server.Kestrel.Core.Internal.AddressBinder.AddressesStrategy.BindAsync(AddressBindContext context, CancellationToken cancellationToken)
   at Microsoft.AspNetCore.Server.Kestrel.Core.Internal.AddressBinder.BindAsync(ListenOptions[] listenOptions, AddressBindContext context, Func`2 useHttps, CancellationToken cancellationToken)
   at Microsoft.AspNetCore.Server.Kestrel.Core.KestrelServerImpl.BindAsync(CancellationToken cancellationToken)
   at Microsoft.AspNetCore.Server.Kestrel.Core.KestrelServerImpl.StartAsync[TContext](IHttpApplication`1 application, CancellationToken cancellationToken)
   at Microsoft.AspNetCore.Hosting.GenericWebHostService.StartAsync(CancellationToken cancellationToken)
   at Microsoft.Extensions.Hosting.Internal.Host.<StartAsync>b__15_1(IHostedService service, CancellationToken token)
   at Microsoft.Extensions.Hosting.Internal.Host.ForeachService[T](IEnumerable`1 services, CancellationToken token, Boolean concurrent, Boolean abortOnFirstException, List`1 exceptions, Func`3 operation)
2026-05-16 21:49:37.5817|||14|Microsoft.Hosting.Lifetime|INFO|Now listening on: https://localhost:5001 
2026-05-16 21:49:37.7033|||14|Microsoft.Hosting.Lifetime|INFO|Now listening on: http://localhost:5000 
2026-05-16 21:49:37.7164||||Microsoft.Hosting.Lifetime|INFO|Application started. Press Ctrl+C to shut down. 
2026-05-16 21:49:37.7164||||Microsoft.Hosting.Lifetime|INFO|Hosting environment: Development 
2026-05-16 21:49:37.7164||||Microsoft.Hosting.Lifetime|INFO|Content root path: C:\ws\github\orgstrata\OrgStrataApp 
2026-05-16 21:51:33.0298|Default|00-215b8eb65138c72457a46b05d0ab5df5-370c7572a6dc359f-00||OrchardCore.OpenId.Configuration.OpenIdClientConfiguration|WARN|The OpenID client settings are invalid: The authority cannot be null or empty.
The response type cannot be null or empty.
The response mode cannot be null or empty. 
2026-05-16 21:51:42.6526|Default|00-215b8eb65138c72457a46b05d0ab5df5-370c7572a6dc359f-00|7|Microsoft.AspNetCore.Antiforgery.DefaultAntiforgery|ERROR|An exception was thrown while deserializing the token. Microsoft.AspNetCore.Antiforgery.AntiforgeryValidationException: The antiforgery token could not be decrypted.
 ---> System.Security.Cryptography.CryptographicException: The key {a34b59a3-d5ba-4e51-8ebd-4791c369ea7d} was not found in the key ring. For more information go to https://aka.ms/aspnet/dataprotectionwarning
   at Microsoft.AspNetCore.DataProtection.KeyManagement.KeyRingBasedDataProtector.UnprotectCore(Byte[] protectedData, Boolean allowOperationsOnRevokedKeys, UnprotectStatus& status)
   at Microsoft.AspNetCore.DataProtection.KeyManagement.KeyRingBasedDataProtector.DangerousUnprotect(Byte[] protectedData, Boolean ignoreRevocationErrors, Boolean& requiresMigration, Boolean& wasRevoked)
   at Microsoft.AspNetCore.DataProtection.KeyManagement.KeyRingBasedDataProtector.Unprotect(Byte[] protectedData)
   at Microsoft.AspNetCore.Antiforgery.DefaultAntiforgeryTokenSerializer.Deserialize(String serializedToken)
   --- End of inner exception stack trace ---
   at Microsoft.AspNetCore.Antiforgery.DefaultAntiforgeryTokenSerializer.Deserialize(String serializedToken)
   at Microsoft.AspNetCore.Antiforgery.DefaultAntiforgery.GetCookieTokenDoesNotThrow(HttpContext httpContext)    at Microsoft.AspNetCore.Antiforgery.DefaultAntiforgeryTokenSerializer.Deserialize(String serializedToken)
   at Microsoft.AspNetCore.Antiforgery.DefaultAntiforgery.GetCookieTokenDoesNotThrow(HttpContext httpContext)
2026-05-16 21:51:42.6526|Default|00-a8bdecf011a2efea3cb0970241034e4d-27cff39af23a6a59-00|7|Microsoft.AspNetCore.Antiforgery.DefaultAntiforgery|ERROR|An exception was thrown while deserializing the token. Microsoft.AspNetCore.Antiforgery.AntiforgeryValidationException: The antiforgery token could not be decrypted.
 ---> System.Security.Cryptography.CryptographicException: The key {a34b59a3-d5ba-4e51-8ebd-4791c369ea7d} was not found in the key ring. For more information go to https://aka.ms/aspnet/dataprotectionwarning
   at Microsoft.AspNetCore.DataProtection.KeyManagement.KeyRingBasedDataProtector.UnprotectCore(Byte[] protectedData, Boolean allowOperationsOnRevokedKeys, UnprotectStatus& status)
   at Microsoft.AspNetCore.DataProtection.KeyManagement.KeyRingBasedDataProtector.DangerousUnprotect(Byte[] protectedData, Boolean ignoreRevocationErrors, Boolean& requiresMigration, Boolean& wasRevoked)
   at Microsoft.AspNetCore.DataProtection.KeyManagement.KeyRingBasedDataProtector.Unprotect(Byte[] protectedData)
   at Microsoft.AspNetCore.Antiforgery.DefaultAntiforgeryTokenSerializer.Deserialize(String serializedToken)
   --- End of inner exception stack trace ---
   at Microsoft.AspNetCore.Antiforgery.DefaultAntiforgeryTokenSerializer.Deserialize(String serializedToken)
   at Microsoft.AspNetCore.Antiforgery.DefaultAntiforgery.GetCookieTokenDoesNotThrow(HttpContext httpContext)    at Microsoft.AspNetCore.Antiforgery.DefaultAntiforgeryTokenSerializer.Deserialize(String serializedToken)
   at Microsoft.AspNetCore.Antiforgery.DefaultAntiforgery.GetCookieTokenDoesNotThrow(HttpContext httpContext)
2026-05-16 21:56:56.4727||||Microsoft.Hosting.Lifetime|INFO|Application is shutting down... 
2026-05-16 21:57:25.8576|||14|Microsoft.Hosting.Lifetime|INFO|Now listening on: https://localhost:5001 
2026-05-16 21:57:25.9516|||14|Microsoft.Hosting.Lifetime|INFO|Now listening on: http://localhost:5000 
2026-05-16 21:57:25.9516||||Microsoft.Hosting.Lifetime|INFO|Application started. Press Ctrl+C to shut down. 
2026-05-16 21:57:25.9688||||Microsoft.Hosting.Lifetime|INFO|Hosting environment: Development 
2026-05-16 21:57:25.9688||||Microsoft.Hosting.Lifetime|INFO|Content root path: C:\ws\github\orgstrata\OrgStrataApp 
2026-05-16 21:57:37.6621|Default|00-251f17e6567b175672125c7b81f836f5-131770b510d04197-00||OrchardCore.OpenId.Configuration.OpenIdClientConfiguration|WARN|The OpenID client settings are invalid: The authority cannot be null or empty.
The response type cannot be null or empty.
The response mode cannot be null or empty. 
2026-05-16 22:09:01.1324||||Microsoft.Hosting.Lifetime|INFO|Application is shutting down... 
2026-05-16 22:09:08.1322|||14|Microsoft.Hosting.Lifetime|INFO|Now listening on: https://localhost:5001 
2026-05-16 22:09:08.2258|||14|Microsoft.Hosting.Lifetime|INFO|Now listening on: http://localhost:5000 
2026-05-16 22:09:08.2374||||Microsoft.Hosting.Lifetime|INFO|Application started. Press Ctrl+C to shut down. 
2026-05-16 22:09:08.2374||||Microsoft.Hosting.Lifetime|INFO|Hosting environment: Development 
2026-05-16 22:09:08.2374||||Microsoft.Hosting.Lifetime|INFO|Content root path: C:\ws\github\orgstrata\OrgStrataApp 
2026-05-16 22:09:16.2866|Default|00-d32c5d137c191f79bf0d4371884b3cf9-f1796427a26b5cbb-00||OrchardCore.OpenId.Configuration.OpenIdClientConfiguration|WARN|The OpenID client settings are invalid: The authority cannot be null or empty.
The response type cannot be null or empty.
The response mode cannot be null or empty. 
2026-05-16 22:21:11.4550||||Microsoft.Hosting.Lifetime|INFO|Application is shutting down... 
2026-05-16 22:21:49.2318|||14|Microsoft.Hosting.Lifetime|INFO|Now listening on: https://localhost:5001 
2026-05-16 22:21:49.3322|||14|Microsoft.Hosting.Lifetime|INFO|Now listening on: http://localhost:5000 
2026-05-16 22:21:49.3456||||Microsoft.Hosting.Lifetime|INFO|Application started. Press Ctrl+C to shut down. 
2026-05-16 22:21:49.3456||||Microsoft.Hosting.Lifetime|INFO|Hosting environment: Development 
2026-05-16 22:21:49.3456||||Microsoft.Hosting.Lifetime|INFO|Content root path: C:\ws\github\orgstrata\OrgStrataApp 
2026-05-16 22:22:10.1200|Default|00-0d1291e56ddfbba31d59f669f64b6525-3c8081a9f803891a-00||OrchardCore.OpenId.Configuration.OpenIdClientConfiguration|WARN|The OpenID client settings are invalid: The authority cannot be null or empty.
The response type cannot be null or empty.
The response mode cannot be null or empty. 
2026-05-16 22:24:00.9734||||Microsoft.Hosting.Lifetime|INFO|Application is shutting down... 
2026-05-16 22:24:15.2972|||14|Microsoft.Hosting.Lifetime|INFO|Now listening on: https://localhost:5001 
2026-05-16 22:24:15.3911|||14|Microsoft.Hosting.Lifetime|INFO|Now listening on: http://localhost:5000 
2026-05-16 22:24:15.4066||||Microsoft.Hosting.Lifetime|INFO|Application started. Press Ctrl+C to shut down. 
2026-05-16 22:24:15.4066||||Microsoft.Hosting.Lifetime|INFO|Hosting environment: Development 
2026-05-16 22:24:15.4066||||Microsoft.Hosting.Lifetime|INFO|Content root path: C:\ws\github\orgstrata\OrgStrataApp 
2026-05-16 22:24:26.3100|Default|00-8f01632c3a0276de38264ab7cdbdf42e-13f03ba2f69d50e2-00||OrchardCore.OpenId.Configuration.OpenIdClientConfiguration|WARN|The OpenID client settings are invalid: The authority cannot be null or empty.
The response type cannot be null or empty.
The response mode cannot be null or empty. 
2026-05-16 22:33:06.0840||||Microsoft.Hosting.Lifetime|INFO|Application is shutting down... 
2026-05-16 22:33:20.9920|||14|Microsoft.Hosting.Lifetime|INFO|Now listening on: https://localhost:5001 
2026-05-16 22:33:21.0951|||14|Microsoft.Hosting.Lifetime|INFO|Now listening on: http://localhost:5000 
2026-05-16 22:33:21.1085||||Microsoft.Hosting.Lifetime|INFO|Application started. Press Ctrl+C to shut down. 
2026-05-16 22:33:21.1085||||Microsoft.Hosting.Lifetime|INFO|Hosting environment: Development 
2026-05-16 22:33:21.1085||||Microsoft.Hosting.Lifetime|INFO|Content root path: C:\ws\github\orgstrata\OrgStrataApp 
2026-05-16 22:33:58.8988|Default|00-4da252bc2814397440511154f4b71693-ef63bbb5f3e3d4c5-00||OrchardCore.OpenId.Configuration.OpenIdClientConfiguration|WARN|The OpenID client settings are invalid: The authority cannot be null or empty.
The response type cannot be null or empty.
The response mode cannot be null or empty. 
2026-05-16 22:35:39.9548||||Microsoft.Hosting.Lifetime|INFO|Application is shutting down... 
2026-05-16 22:35:54.2224|||14|Microsoft.Hosting.Lifetime|INFO|Now listening on: https://localhost:5001 
2026-05-16 22:35:54.3167|||14|Microsoft.Hosting.Lifetime|INFO|Now listening on: http://localhost:5000 
2026-05-16 22:35:54.3323||||Microsoft.Hosting.Lifetime|INFO|Application started. Press Ctrl+C to shut down. 
2026-05-16 22:35:54.3323||||Microsoft.Hosting.Lifetime|INFO|Hosting environment: Development 
2026-05-16 22:35:54.3323||||Microsoft.Hosting.Lifetime|INFO|Content root path: C:\ws\github\orgstrata\OrgStrataApp 
2026-05-16 22:36:34.4154|Default|00-f61faf674fecc786ab5bea9465f0d722-cb94e933c3938e14-00||OrchardCore.OpenId.Configuration.OpenIdClientConfiguration|WARN|The OpenID client settings are invalid: The authority cannot be null or empty.
The response type cannot be null or empty.
The response mode cannot be null or empty. 
2026-05-16 22:39:19.1256||||Microsoft.Hosting.Lifetime|INFO|Application is shutting down... 
2026-05-16 22:39:33.4333|||14|Microsoft.Hosting.Lifetime|INFO|Now listening on: https://localhost:5001 
2026-05-16 22:39:33.5167|||14|Microsoft.Hosting.Lifetime|INFO|Now listening on: http://localhost:5000 
2026-05-16 22:39:33.5280||||Microsoft.Hosting.Lifetime|INFO|Application started. Press Ctrl+C to shut down. 
2026-05-16 22:39:33.5280||||Microsoft.Hosting.Lifetime|INFO|Hosting environment: Development 
2026-05-16 22:39:33.5280||||Microsoft.Hosting.Lifetime|INFO|Content root path: C:\ws\github\orgstrata\OrgStrataApp 
2026-05-16 22:39:46.8283|Default|00-a1708ca38d582037b8bb4d45e932d851-0b227984239e5a49-00||OrchardCore.OpenId.Configuration.OpenIdClientConfiguration|WARN|The OpenID client settings are invalid: The authority cannot be null or empty.
The response type cannot be null or empty.
The response mode cannot be null or empty. 
2026-05-16 22:45:23.2161||||Microsoft.Hosting.Lifetime|INFO|Application is shutting down... 
2026-05-16 22:45:44.0306|||14|Microsoft.Hosting.Lifetime|INFO|Now listening on: https://localhost:5001 
2026-05-16 22:45:44.0950|||14|Microsoft.Hosting.Lifetime|INFO|Now listening on: http://localhost:5000 
2026-05-16 22:45:44.0950||||Microsoft.Hosting.Lifetime|INFO|Application started. Press Ctrl+C to shut down. 
2026-05-16 22:45:44.1070||||Microsoft.Hosting.Lifetime|INFO|Hosting environment: Development 
2026-05-16 22:45:44.1070||||Microsoft.Hosting.Lifetime|INFO|Content root path: C:\ws\github\orgstrata\OrgStrataApp 
2026-05-16 22:45:54.6174|Default|00-489e2e0d10c53db7c9b38544504a2298-885d8a3fd5cca8f5-00||OrchardCore.OpenId.Configuration.OpenIdClientConfiguration|WARN|The OpenID client settings are invalid: The authority cannot be null or empty.
The response type cannot be null or empty.
The response mode cannot be null or empty. 
2026-05-16 22:48:06.9560||||Microsoft.Hosting.Lifetime|INFO|Application is shutting down... 
2026-05-16 22:48:18.2010|||14|Microsoft.Hosting.Lifetime|INFO|Now listening on: https://localhost:5001 
2026-05-16 22:48:18.2622|||14|Microsoft.Hosting.Lifetime|INFO|Now listening on: http://localhost:5000 
2026-05-16 22:48:18.2622||||Microsoft.Hosting.Lifetime|INFO|Application started. Press Ctrl+C to shut down. 
2026-05-16 22:48:18.2622||||Microsoft.Hosting.Lifetime|INFO|Hosting environment: Development 
2026-05-16 22:48:18.2622||||Microsoft.Hosting.Lifetime|INFO|Content root path: C:\ws\github\orgstrata\OrgStrataApp 
2026-05-16 22:48:33.6761|Default|00-5110bf6074175675762a5c7774c4bf08-3e9d646a7dd8000f-00||OrchardCore.OpenId.Configuration.OpenIdClientConfiguration|WARN|The OpenID client settings are invalid: The authority cannot be null or empty.
The response type cannot be null or empty.
The response mode cannot be null or empty. 
2026-05-16 22:59:16.6573||||Microsoft.Hosting.Lifetime|INFO|Application is shutting down... 
2026-05-16 22:59:39.8837|||14|Microsoft.Hosting.Lifetime|INFO|Now listening on: https://localhost:5001 
2026-05-16 22:59:39.9502|||14|Microsoft.Hosting.Lifetime|INFO|Now listening on: http://localhost:5000 
2026-05-16 22:59:39.9502||||Microsoft.Hosting.Lifetime|INFO|Application started. Press Ctrl+C to shut down. 
2026-05-16 22:59:39.9502||||Microsoft.Hosting.Lifetime|INFO|Hosting environment: Development 
2026-05-16 22:59:39.9654||||Microsoft.Hosting.Lifetime|INFO|Content root path: C:\ws\github\orgstrata\OrgStrataApp 
2026-05-16 22:59:46.4972|Default|00-e56953b869ae69b4cae431596080e7a9-0f24bf37429fdcd9-00||OrchardCore.OpenId.Configuration.OpenIdClientConfiguration|WARN|The OpenID client settings are invalid: The authority cannot be null or empty.
The response type cannot be null or empty.
The response mode cannot be null or empty. 
2026-05-16 23:02:26.3961||||Microsoft.Hosting.Lifetime|INFO|Application is shutting down... 
2026-05-16 23:02:38.6387|||14|Microsoft.Hosting.Lifetime|INFO|Now listening on: https://localhost:5001 
2026-05-16 23:02:38.7017|||14|Microsoft.Hosting.Lifetime|INFO|Now listening on: http://localhost:5000 
2026-05-16 23:02:38.7017||||Microsoft.Hosting.Lifetime|INFO|Application started. Press Ctrl+C to shut down. 
2026-05-16 23:02:38.7017||||Microsoft.Hosting.Lifetime|INFO|Hosting environment: Development 
2026-05-16 23:02:38.7017||||Microsoft.Hosting.Lifetime|INFO|Content root path: C:\ws\github\orgstrata\OrgStrataApp 
2026-05-16 23:03:11.9448|Default|00-011bafcefd199f2bce0e6695b9a709ab-b26da805efe7121f-00||OrchardCore.OpenId.Configuration.OpenIdClientConfiguration|WARN|The OpenID client settings are invalid: The authority cannot be null or empty.
The response type cannot be null or empty.
The response mode cannot be null or empty. 
2026-05-16 23:05:47.7738||||Microsoft.Hosting.Lifetime|INFO|Application is shutting down... 
2026-05-16 23:05:59.4750|||14|Microsoft.Hosting.Lifetime|INFO|Now listening on: https://localhost:5001 
2026-05-16 23:05:59.5408|||14|Microsoft.Hosting.Lifetime|INFO|Now listening on: http://localhost:5000 
2026-05-16 23:05:59.5493||||Microsoft.Hosting.Lifetime|INFO|Application started. Press Ctrl+C to shut down. 
2026-05-16 23:05:59.5493||||Microsoft.Hosting.Lifetime|INFO|Hosting environment: Development 
2026-05-16 23:05:59.5493||||Microsoft.Hosting.Lifetime|INFO|Content root path: C:\ws\github\orgstrata\OrgStrataApp 
2026-05-16 23:06:11.6805|Default|00-139036d8c015bbf4a963a2d725bbe4bb-afab1a6600492d4a-00||OrchardCore.OpenId.Configuration.OpenIdClientConfiguration|WARN|The OpenID client settings are invalid: The authority cannot be null or empty.
The response type cannot be null or empty.
The response mode cannot be null or empty. 
2026-05-16 23:49:43.5856||||Microsoft.Hosting.Lifetime|INFO|Application is shutting down... 
2026-05-16 23:50:26.1458|||14|Microsoft.Hosting.Lifetime|INFO|Now listening on: https://localhost:5001 
2026-05-16 23:50:26.2169|||14|Microsoft.Hosting.Lifetime|INFO|Now listening on: http://localhost:5000 
2026-05-16 23:50:26.2169||||Microsoft.Hosting.Lifetime|INFO|Application started. Press Ctrl+C to shut down. 
2026-05-16 23:50:26.2169||||Microsoft.Hosting.Lifetime|INFO|Hosting environment: Development 
2026-05-16 23:50:26.2309||||Microsoft.Hosting.Lifetime|INFO|Content root path: C:\ws\github\orgstrata\OrgStrataApp 
2026-05-16 23:51:25.9848|Default|00-2d5e0496d33a8aabf5a75540f54da326-98bb7a01f60c2c98-00||OrchardCore.OpenId.Configuration.OpenIdClientConfiguration|WARN|The OpenID client settings are invalid: The authority cannot be null or empty.
The response type cannot be null or empty.
The response mode cannot be null or empty. 
